<?xml version="1.0" encoding="UTF-8" ?>
<testsuite errors="0" failures="0" hostname="hung-PC" name="mainTest" skipped="0" tests="2" time="9.838" timestamp="2014-01-09T03:25:54">
  <properties>
[...]
</properties>
  <testcase classname="mainTest" name="testLink" time="9.666" />
  <testcase classname="mainTest" name="testTotal" time="0.096" />
  <system-out><![CDATA[read web is running!
Done
---Open as UTF-8---
---open file: WomenData.csv
---Total Data: 793
---close File---

---Total Data: 793
---Open as UTF-8---
---open file: WomenData.csv
---Total Data: 793
---close File---

---Total Data: 793
]]></system-out>
  <system-err><![CDATA[]]></system-err>
</testsuite>
